Performing C SOURCE FILE Test CMAKE_HAVE_LIBC_PTHREAD failed with the following output:
Change Dir: /root/MiniSQL_v3/build/CMakeFiles/CMakeTmp

Run Build Command(s):/usr/bin/make cmTC_05b67/fast && /usr/bin/make -f CMakeFiles/cmTC_05b67.dir/build.make CMakeFiles/cmTC_05b67.dir/build
make[1]: Entering directory '/root/MiniSQL_v3/build/CMakeFiles/CMakeTmp'
Building C object CMakeFiles/cmTC_05b67.dir/src.c.o
/usr/bin/gcc   -DCMAKE_HAVE_LIBC_PTHREAD   -o CMakeFiles/cmTC_05b67.dir/src.c.o   -c /root/MiniSQL_v3/build/CMakeFiles/CMakeTmp/src.c
Linking C executable cmTC_05b67
/usr/bin/cmake -E cmake_link_script CMakeFiles/cmTC_05b67.dir/link.txt --verbose=1
/usr/bin/gcc  -DCMAKE_HAVE_LIBC_PTHREAD    -rdynamic CMakeFiles/cmTC_05b67.dir/src.c.o  -o cmTC_05b67 
/usr/bin/ld: CMakeFiles/cmTC_05b67.dir/src.c.o: in function `main':
src.c:(.text+0x46): undefined reference to `pthread_create'
/usr/bin/ld: src.c:(.text+0x52): undefined reference to `pthread_detach'
/usr/bin/ld: src.c:(.text+0x63): undefined reference to `pthread_join'
collect2: error: ld returned 1 exit status
make[1]: *** [CMakeFiles/cmTC_05b67.dir/build.make:87: cmTC_05b67] Error 1
make[1]: Leaving directory '/root/MiniSQL_v3/build/CMakeFiles/CMakeTmp'
make: *** [Makefile:121: cmTC_05b67/fast] Error 2


Source file was:
#include <pthread.h>

void* test_func(void* data)
{
  return data;
}

int main(void)
{
  pthread_t thread;
  pthread_create(&thread, NULL, test_func, NULL);
  pthread_detach(thread);
  pthread_join(thread, NULL);
  pthread_atfork(NULL, NULL, NULL);
  pthread_exit(NULL);

  return 0;
}

Determining if the function pthread_create exists in the pthreads failed with the following output:
Change Dir: /root/MiniSQL_v3/build/CMakeFiles/CMakeTmp

Run Build Command(s):/usr/bin/make cmTC_aa7b6/fast && /usr/bin/make -f CMakeFiles/cmTC_aa7b6.dir/build.make CMakeFiles/cmTC_aa7b6.dir/build
make[1]: Entering directory '/root/MiniSQL_v3/build/CMakeFiles/CMakeTmp'
Building C object CMakeFiles/cmTC_aa7b6.dir/CheckFunctionExists.c.o
/usr/bin/gcc   -DCHECK_FUNCTION_EXISTS=pthread_create   -o CMakeFiles/cmTC_aa7b6.dir/CheckFunctionExists.c.o   -c /usr/share/cmake-3.16/Modules/CheckFunctionExists.c
Linking C executable cmTC_aa7b6
/usr/bin/cmake -E cmake_link_script CMakeFiles/cmTC_aa7b6.dir/link.txt --verbose=1
/usr/bin/gcc  -DCHECK_FUNCTION_EXISTS=pthread_create    -rdynamic CMakeFiles/cmTC_aa7b6.dir/CheckFunctionExists.c.o  -o cmTC_aa7b6  -lpthreads 
/usr/bin/ld: cannot find -lpthreads
collect2: error: ld returned 1 exit status
make[1]: *** [CMakeFiles/cmTC_aa7b6.dir/build.make:87: cmTC_aa7b6] Error 1
make[1]: Leaving directory '/root/MiniSQL_v3/build/CMakeFiles/CMakeTmp'
make: *** [Makefile:121: cmTC_aa7b6/fast] Error 2



Determining size of unsigned __int16 failed with the following output:
Change Dir: /root/MiniSQL_v3/build/CMakeFiles/CMakeTmp

Run Build Command(s):/usr/bin/make cmTC_1f27f/fast && /usr/bin/make -f CMakeFiles/cmTC_1f27f.dir/build.make CMakeFiles/cmTC_1f27f.dir/build
make[1]: Entering directory '/root/MiniSQL_v3/build/CMakeFiles/CMakeTmp'
Building CXX object CMakeFiles/cmTC_1f27f.dir/HAVE___UINT16.cpp.o
/usr/bin/g++    -fPIE   -std=gnu++17 -o CMakeFiles/cmTC_1f27f.dir/HAVE___UINT16.cpp.o -c /root/MiniSQL_v3/build/CMakeFiles/CheckTypeSize/HAVE___UINT16.cpp
/root/MiniSQL_v3/build/CMakeFiles/CheckTypeSize/HAVE___UINT16.cpp:23:22: error: expected primary-expression before ‘unsigned’
   23 | #define SIZE (sizeof(unsigned __int16))
      |                      ^~~~~~~~
/root/MiniSQL_v3/build/CMakeFiles/CheckTypeSize/HAVE___UINT16.cpp:25:12: note: in expansion of macro ‘SIZE’
   25 |   ('0' + ((SIZE / 10000)%10)),
      |            ^~~~
/root/MiniSQL_v3/build/CMakeFiles/CheckTypeSize/HAVE___UINT16.cpp:23:22: error: expected ‘)’ before ‘unsigned’
   23 | #define SIZE (sizeof(unsigned __int16))
      |                     ~^~~~~~~~
/root/MiniSQL_v3/build/CMakeFiles/CheckTypeSize/HAVE___UINT16.cpp:25:12: note: in expansion of macro ‘SIZE’
   25 |   ('0' + ((SIZE / 10000)%10)),
      |            ^~~~
/root/MiniSQL_v3/build/CMakeFiles/CheckTypeSize/HAVE___UINT16.cpp:34:7: error: expected ‘)’ before ‘}’ token
   34 |   '\0'};
      |       ^
      |       )
/root/MiniSQL_v3/build/CMakeFiles/CheckTypeSize/HAVE___UINT16.cpp:23:14: note: to match this ‘(’
   23 | #define SIZE (sizeof(unsigned __int16))
      |              ^
/root/MiniSQL_v3/build/CMakeFiles/CheckTypeSize/HAVE___UINT16.cpp:25:12: note: in expansion of macro ‘SIZE’
   25 |   ('0' + ((SIZE / 10000)%10)),
      |            ^~~~
/root/MiniSQL_v3/build/CMakeFiles/CheckTypeSize/HAVE___UINT16.cpp:34:7: error: expected ‘)’ before ‘}’ token
   34 |   '\0'};
      |       ^
      |       )
/root/MiniSQL_v3/build/CMakeFiles/CheckTypeSize/HAVE___UINT16.cpp:25:11: note: to match this ‘(’
   25 |   ('0' + ((SIZE / 10000)%10)),
      |           ^
/root/MiniSQL_v3/build/CMakeFiles/CheckTypeSize/HAVE___UINT16.cpp:34:7: error: expected ‘)’ before ‘}’ token
   34 |   '\0'};
      |       ^
      |       )
/root/MiniSQL_v3/build/CMakeFiles/CheckTypeSize/HAVE___UINT16.cpp:25:10: note: to match this ‘(’
   25 |   ('0' + ((SIZE / 10000)%10)),
      |          ^
/root/MiniSQL_v3/build/CMakeFiles/CheckTypeSize/HAVE___UINT16.cpp:34:7: error: expected ‘)’ before ‘}’ token
   34 |   '\0'};
      |       ^
      |       )
/root/MiniSQL_v3/build/CMakeFiles/CheckTypeSize/HAVE___UINT16.cpp:25:3: note: to match this ‘(’
   25 |   ('0' + ((SIZE / 10000)%10)),
      |   ^
make[1]: *** [CMakeFiles/cmTC_1f27f.dir/build.make:66: CMakeFiles/cmTC_1f27f.dir/HAVE___UINT16.cpp.o] Error 1
make[1]: Leaving directory '/root/MiniSQL_v3/build/CMakeFiles/CMakeTmp'
make: *** [Makefile:121: cmTC_1f27f/fast] Error 2


/root/MiniSQL_v3/build/CMakeFiles/CheckTypeSize/HAVE___UINT16.cpp:
#include <sys/types.h>
#include <stdint.h>
#include <stddef.h>


#undef KEY
#if defined(__i386)
# define KEY '_','_','i','3','8','6'
#elif defined(__x86_64)
# define KEY '_','_','x','8','6','_','6','4'
#elif defined(__ppc__)
# define KEY '_','_','p','p','c','_','_'
#elif defined(__ppc64__)
# define KEY '_','_','p','p','c','6','4','_','_'
#elif defined(__aarch64__)
# define KEY '_','_','a','a','r','c','h','6','4','_','_'
#elif defined(__ARM_ARCH_7A__)
# define KEY '_','_','A','R','M','_','A','R','C','H','_','7','A','_','_'
#elif defined(__ARM_ARCH_7S__)
# define KEY '_','_','A','R','M','_','A','R','C','H','_','7','S','_','_'
#endif

#define SIZE (sizeof(unsigned __int16))
static char info_size[] =  {'I', 'N', 'F', 'O', ':', 's','i','z','e','[',
  ('0' + ((SIZE / 10000)%10)),
  ('0' + ((SIZE / 1000)%10)),
  ('0' + ((SIZE / 100)%10)),
  ('0' + ((SIZE / 10)%10)),
  ('0' +  (SIZE    % 10)),
  ']',
#ifdef KEY
  ' ','k','e','y','[', KEY, ']',
#endif
  '\0'};

#ifdef __CLASSIC_C__
int main(argc, argv) int argc; char *argv[];
#else
int main(int argc, char *argv[])
#endif
{
  int require = 0;
  require += info_size[argc];
  (void)argv;
  return require;
}


Determining if the function dladdr exists failed with the following output:
Change Dir: /root/MiniSQL_v3/build/CMakeFiles/CMakeTmp

Run Build Command(s):/usr/bin/make cmTC_05abe/fast && /usr/bin/make -f CMakeFiles/cmTC_05abe.dir/build.make CMakeFiles/cmTC_05abe.dir/build
make[1]: Entering directory '/root/MiniSQL_v3/build/CMakeFiles/CMakeTmp'
Building C object CMakeFiles/cmTC_05abe.dir/CheckFunctionExists.c.o
/usr/bin/gcc   -DCHECK_FUNCTION_EXISTS=dladdr -fPIE   -o CMakeFiles/cmTC_05abe.dir/CheckFunctionExists.c.o   -c /usr/share/cmake-3.16/Modules/CheckFunctionExists.c
Linking C executable cmTC_05abe
/usr/bin/cmake -E cmake_link_script CMakeFiles/cmTC_05abe.dir/link.txt --verbose=1
/usr/bin/gcc  -DCHECK_FUNCTION_EXISTS=dladdr    CMakeFiles/cmTC_05abe.dir/CheckFunctionExists.c.o  -o cmTC_05abe 
/usr/bin/ld: CMakeFiles/cmTC_05abe.dir/CheckFunctionExists.c.o: in function `main':
CheckFunctionExists.c:(.text+0x14): undefined reference to `dladdr'
collect2: error: ld returned 1 exit status
make[1]: *** [CMakeFiles/cmTC_05abe.dir/build.make:87: cmTC_05abe] Error 1
make[1]: Leaving directory '/root/MiniSQL_v3/build/CMakeFiles/CMakeTmp'
make: *** [Makefile:121: cmTC_05abe/fast] Error 2



Performing C++ SOURCE FILE Test HAVE_NO_UNNAMED_TYPE_TEMPLATE_ARGS failed with the following output:
Change Dir: /root/MiniSQL_v3/build/CMakeFiles/CMakeTmp

Run Build Command(s):/usr/bin/make cmTC_f06c6/fast && /usr/bin/make -f CMakeFiles/cmTC_f06c6.dir/build.make CMakeFiles/cmTC_f06c6.dir/build
make[1]: Entering directory '/root/MiniSQL_v3/build/CMakeFiles/CMakeTmp'
Building CXX object CMakeFiles/cmTC_f06c6.dir/src.cxx.o
/usr/bin/g++    -DHAVE_NO_UNNAMED_TYPE_TEMPLATE_ARGS -fPIE   -Wunnamed-type-template-args -std=gnu++17 -o CMakeFiles/cmTC_f06c6.dir/src.cxx.o -c /root/MiniSQL_v3/build/CMakeFiles/CMakeTmp/src.cxx
g++: error: unrecognized command line option '-Wunnamed-type-template-args'
make[1]: *** [CMakeFiles/cmTC_f06c6.dir/build.make:66: CMakeFiles/cmTC_f06c6.dir/src.cxx.o] Error 1
make[1]: Leaving directory '/root/MiniSQL_v3/build/CMakeFiles/CMakeTmp'
make: *** [Makefile:121: cmTC_f06c6/fast] Error 2


Source file was:
int main() { return 0; }
Determining if the pthread_threadid_np exist failed with the following output:
Change Dir: /root/MiniSQL_v3/build/CMakeFiles/CMakeTmp

Run Build Command(s):/usr/bin/make cmTC_f090f/fast && /usr/bin/make -f CMakeFiles/cmTC_f090f.dir/build.make CMakeFiles/cmTC_f090f.dir/build
make[1]: Entering directory '/root/MiniSQL_v3/build/CMakeFiles/CMakeTmp'
Building CXX object CMakeFiles/cmTC_f090f.dir/CheckSymbolExists.cxx.o
/usr/bin/g++    -fPIE   -std=gnu++17 -o CMakeFiles/cmTC_f090f.dir/CheckSymbolExists.cxx.o -c /root/MiniSQL_v3/build/CMakeFiles/CMakeTmp/CheckSymbolExists.cxx
/root/MiniSQL_v3/build/CMakeFiles/CMakeTmp/CheckSymbolExists.cxx: In function ‘int main(int, char**)’:
/root/MiniSQL_v3/build/CMakeFiles/CMakeTmp/CheckSymbolExists.cxx:8:19: error: ‘pthread_threadid_np’ was not declared in this scope; did you mean ‘pthread_tryjoin_np’?
    8 |   return ((int*)(&pthread_threadid_np))[argc];
      |                   ^~~~~~~~~~~~~~~~~~~
      |                   pthread_tryjoin_np
make[1]: *** [CMakeFiles/cmTC_f090f.dir/build.make:66: CMakeFiles/cmTC_f090f.dir/CheckSymbolExists.cxx.o] Error 1
make[1]: Leaving directory '/root/MiniSQL_v3/build/CMakeFiles/CMakeTmp'
make: *** [Makefile:121: cmTC_f090f/fast] Error 2


File /root/MiniSQL_v3/build/CMakeFiles/CMakeTmp/CheckSymbolExists.cxx:
/* */
#include <pthread.h>

int main(int argc, char** argv)
{
  (void)argv;
#ifndef pthread_threadid_np
  return ((int*)(&pthread_threadid_np))[argc];
#else
  (void)argc;
  return 0;
#endif
}
Determining if the function UnDecorateSymbolName exists in the dbghelp failed with the following output:
Change Dir: /root/MiniSQL_v3/build/CMakeFiles/CMakeTmp

Run Build Command(s):/usr/bin/make cmTC_331aa/fast && /usr/bin/make -f CMakeFiles/cmTC_331aa.dir/build.make CMakeFiles/cmTC_331aa.dir/build
make[1]: Entering directory '/root/MiniSQL_v3/build/CMakeFiles/CMakeTmp'
Building C object CMakeFiles/cmTC_331aa.dir/CheckFunctionExists.c.o
/usr/bin/gcc   -DCHECK_FUNCTION_EXISTS=UnDecorateSymbolName -fPIE   -o CMakeFiles/cmTC_331aa.dir/CheckFunctionExists.c.o   -c /usr/share/cmake-3.16/Modules/CheckFunctionExists.c
Linking C executable cmTC_331aa
/usr/bin/cmake -E cmake_link_script CMakeFiles/cmTC_331aa.dir/link.txt --verbose=1
/usr/bin/gcc  -DCHECK_FUNCTION_EXISTS=UnDecorateSymbolName    -rdynamic CMakeFiles/cmTC_331aa.dir/CheckFunctionExists.c.o  -o cmTC_331aa  -ldbghelp 
/usr/bin/ld: cannot find -ldbghelp
collect2: error: ld returned 1 exit status
make[1]: *** [CMakeFiles/cmTC_331aa.dir/build.make:87: cmTC_331aa] Error 1
make[1]: Leaving directory '/root/MiniSQL_v3/build/CMakeFiles/CMakeTmp'
make: *** [Makefile:121: cmTC_331aa/fast] Error 2



Performing C++ SOURCE FILE Test HAVE___DECLSPEC failed with the following output:
Change Dir: /root/MiniSQL_v3/build/CMakeFiles/CMakeTmp

Run Build Command(s):/usr/bin/make cmTC_ca6b4/fast && /usr/bin/make -f CMakeFiles/cmTC_ca6b4.dir/build.make CMakeFiles/cmTC_ca6b4.dir/build
make[1]: Entering directory '/root/MiniSQL_v3/build/CMakeFiles/CMakeTmp'
Building CXX object CMakeFiles/cmTC_ca6b4.dir/src.cxx.o
/usr/bin/g++    -DHAVE___DECLSPEC -fPIE   -std=gnu++17 -o CMakeFiles/cmTC_ca6b4.dir/src.cxx.o -c /root/MiniSQL_v3/build/CMakeFiles/CMakeTmp/src.cxx
/root/MiniSQL_v3/build/CMakeFiles/CMakeTmp/src.cxx:2:11: error: expected constructor, destructor, or type conversion before ‘(’ token
    2 | __declspec(selectany) int a;
      |           ^
make[1]: *** [CMakeFiles/cmTC_ca6b4.dir/build.make:66: CMakeFiles/cmTC_ca6b4.dir/src.cxx.o] Error 1
make[1]: Leaving directory '/root/MiniSQL_v3/build/CMakeFiles/CMakeTmp'
make: *** [Makefile:121: cmTC_ca6b4/fast] Error 2


Source file was:

__declspec(selectany) int a;
int main(void) { return 0; }

Performing C++ SOURCE FILE Test STL_NO_NAMESPACE failed with the following output:
Change Dir: /root/MiniSQL_v3/build/CMakeFiles/CMakeTmp

Run Build Command(s):/usr/bin/make cmTC_986a6/fast && /usr/bin/make -f CMakeFiles/cmTC_986a6.dir/build.make CMakeFiles/cmTC_986a6.dir/build
make[1]: Entering directory '/root/MiniSQL_v3/build/CMakeFiles/CMakeTmp'
Building CXX object CMakeFiles/cmTC_986a6.dir/src.cxx.o
/usr/bin/g++    -DSTL_NO_NAMESPACE -fPIE   -std=gnu++17 -o CMakeFiles/cmTC_986a6.dir/src.cxx.o -c /root/MiniSQL_v3/build/CMakeFiles/CMakeTmp/src.cxx
/root/MiniSQL_v3/build/CMakeFiles/CMakeTmp/src.cxx:3:1: error: ‘vector’ does not name a type
    3 | vector<int> t; int main() { }
      | ^~~~~~
make[1]: *** [CMakeFiles/cmTC_986a6.dir/build.make:66: CMakeFiles/cmTC_986a6.dir/src.cxx.o] Error 1
make[1]: Leaving directory '/root/MiniSQL_v3/build/CMakeFiles/CMakeTmp'
make: *** [Makefile:121: cmTC_986a6/fast] Error 2


Source file was:

#include <vector>
vector<int> t; int main() { }

Performing C++ SOURCE FILE Test HAVE_MSVC_TLS failed with the following output:
Change Dir: /root/MiniSQL_v3/build/CMakeFiles/CMakeTmp

Run Build Command(s):/usr/bin/make cmTC_0c905/fast && /usr/bin/make -f CMakeFiles/cmTC_0c905.dir/build.make CMakeFiles/cmTC_0c905.dir/build
make[1]: Entering directory '/root/MiniSQL_v3/build/CMakeFiles/CMakeTmp'
Building CXX object CMakeFiles/cmTC_0c905.dir/src.cxx.o
/usr/bin/g++    -DHAVE_MSVC_TLS -fPIE   -std=gnu++17 -o CMakeFiles/cmTC_0c905.dir/src.cxx.o -c /root/MiniSQL_v3/build/CMakeFiles/CMakeTmp/src.cxx
/root/MiniSQL_v3/build/CMakeFiles/CMakeTmp/src.cxx:2:11: error: expected constructor, destructor, or type conversion before ‘(’ token
    2 | __declspec(thread) int tls;
      |           ^
make[1]: *** [CMakeFiles/cmTC_0c905.dir/build.make:66: CMakeFiles/cmTC_0c905.dir/src.cxx.o] Error 1
make[1]: Leaving directory '/root/MiniSQL_v3/build/CMakeFiles/CMakeTmp'
make: *** [Makefile:121: cmTC_0c905/fast] Error 2


Source file was:

__declspec(thread) int tls;
int main() { }

